2026-07-09 19:23:21,866 - aqt.main - INFO - installer 20560 aqtinstall(aqt) v3.3.0 on Python 3.14.6 [CPython MSC v.1944 64 bit (AMD64)]
2026-07-09 19:23:21,867 - aqt.helper - DEBUG - helper 20560 Attempt to download checksum at https://download.qt.io/online/qtsdkrepository/windows_x86/desktop/qt6_690/qt6_690/Updates.xml.sha256
2026-07-09 19:23:24,428 - aqt.helper - DEBUG - helper 20560 Attempt to download checksum at https://download.qt.io/online/qtsdkrepository/windows_x86/extensions/qtwebengine/690/msvc2022_64/Updates.xml.sha256
2026-07-09 19:23:27,995 - aqt.archives - INFO - archives 20560 Found extension qtwebengine
2026-07-09 19:23:28,622 - aqt.helper - DEBUG - helper 20560 Attempt to download checksum at https://download.qt.io/online/qtsdkrepository/windows_x86/extensions/qtpdf/690/msvc2022_64/Updates.xml.sha256
2026-07-09 19:23:31,976 - aqt.archives - INFO - archives 20560 Found extension qtpdf
2026-07-09 19:23:32,626 - aqt.helper - DEBUG - helper 24092 Attempt to download checksum at https://download.qt.io/online/qtsdkrepository/windows_x86/desktop/qt6_690/qt6_690/qt.qt6.690.addons.qtmultimedia.win64_msvc2022_64/6.9.0-0-202503301022qtmultimedia-Windows-Windows_11_23H2-MSVC2022-Windows-Windows_11_23H2-X86_64.7z.sha256
2026-07-09 19:23:32,631 - aqt.helper - DEBUG - helper 5728 Attempt to download checksum at https://download.qt.io/online/qtsdkrepository/windows_x86/desktop/qt6_690/qt6_690/qt.qt6.690.win64_msvc2022_64/6.9.0-0-202503301022qtbase-Windows-Windows_11_23H2-MSVC2022-Windows-Windows_11_23H2-X86_64.7z.sha256
2026-07-09 19:23:32,631 - aqt.helper - DEBUG - helper 25228 Attempt to download checksum at https://download.qt.io/online/qtsdkrepository/windows_x86/desktop/qt6_690/qt6_690/qt.qt6.690.addons.qtspeech.win64_msvc2022_64/6.9.0-0-202503301022qtspeech-Windows-Windows_11_23H2-MSVC2022-Windows-Windows_11_23H2-X86_64.7z.sha256
2026-07-09 19:23:32,637 - aqt.helper - DEBUG - helper 5888 Attempt to download checksum at https://download.qt.io/online/qtsdkrepository/windows_x86/desktop/qt6_690/qt6_690/qt.qt6.690.win64_msvc2022_64/6.9.0-0-202503301022qtsvg-Windows-Windows_11_23H2-MSVC2022-Windows-Windows_11_23H2-X86_64.7z.sha256
2026-07-09 19:23:34,779 - aqt.helper - INFO - helper 25228 Downloading qtspeech...
2026-07-09 19:23:34,779 - aqt.helper - INFO - helper 5728 Downloading qtbase...
2026-07-09 19:23:34,779 - aqt.helper - INFO - helper 24092 Downloading qtmultimedia...
2026-07-09 19:23:34,780 - aqt.helper - INFO - helper 5888 Downloading qtsvg...
2026-07-09 19:23:34,780 - aqt.installer - DEBUG - installer 5728 Download URL: https://download.qt.io/online/qtsdkrepository/windows_x86/desktop/qt6_690/qt6_690/qt.qt6.690.win64_msvc2022_64/6.9.0-0-202503301022qtbase-Windows-Windows_11_23H2-MSVC2022-Windows-Windows_11_23H2-X86_64.7z
2026-07-09 19:23:34,780 - aqt.installer - DEBUG - installer 24092 Download URL: https://download.qt.io/online/qtsdkrepository/windows_x86/desktop/qt6_690/qt6_690/qt.qt6.690.addons.qtmultimedia.win64_msvc2022_64/6.9.0-0-202503301022qtmultimedia-Windows-Windows_11_23H2-MSVC2022-Windows-Windows_11_23H2-X86_64.7z
2026-07-09 19:23:34,780 - aqt.installer - DEBUG - installer 25228 Download URL: https://download.qt.io/online/qtsdkrepository/windows_x86/desktop/qt6_690/qt6_690/qt.qt6.690.addons.qtspeech.win64_msvc2022_64/6.9.0-0-202503301022qtspeech-Windows-Windows_11_23H2-MSVC2022-Windows-Windows_11_23H2-X86_64.7z
2026-07-09 19:23:34,780 - aqt.installer - DEBUG - installer 5888 Download URL: https://download.qt.io/online/qtsdkrepository/windows_x86/desktop/qt6_690/qt6_690/qt.qt6.690.win64_msvc2022_64/6.9.0-0-202503301022qtsvg-Windows-Windows_11_23H2-MSVC2022-Windows-Windows_11_23H2-X86_64.7z
2026-07-09 19:23:36,660 - aqt.helper - DEBUG - helper 5728 Asked to redirect(302) to: https://qt.mirror.constant.com/online/qtsdkrepository/windows_x86/desktop/qt6_690/qt6_690/qt.qt6.690.win64_msvc2022_64/6.9.0-0-202503301022qtbase-Windows-Windows_11_23H2-MSVC2022-Windows-Windows_11_23H2-X86_64.7z
2026-07-09 19:23:36,660 - aqt.helper - DEBUG - helper 5888 Asked to redirect(302) to: https://qt.mirror.constant.com/online/qtsdkrepository/windows_x86/desktop/qt6_690/qt6_690/qt.qt6.690.win64_msvc2022_64/6.9.0-0-202503301022qtsvg-Windows-Windows_11_23H2-MSVC2022-Windows-Windows_11_23H2-X86_64.7z
2026-07-09 19:23:36,660 - aqt.helper - DEBUG - helper 25228 Asked to redirect(302) to: https://qt.mirror.constant.com/online/qtsdkrepository/windows_x86/desktop/qt6_690/qt6_690/qt.qt6.690.addons.qtspeech.win64_msvc2022_64/6.9.0-0-202503301022qtspeech-Windows-Windows_11_23H2-MSVC2022-Windows-Windows_11_23H2-X86_64.7z
2026-07-09 19:23:36,661 - aqt.helper - INFO - helper 5728 Redirected: qt.mirror.constant.com
2026-07-09 19:23:36,661 - aqt.helper - INFO - helper 5888 Redirected: qt.mirror.constant.com
2026-07-09 19:23:36,661 - aqt.helper - INFO - helper 25228 Redirected: qt.mirror.constant.com
2026-07-09 19:23:36,671 - aqt.helper - DEBUG - helper 24092 Asked to redirect(302) to: https://qt.mirror.constant.com/online/qtsdkrepository/windows_x86/desktop/qt6_690/qt6_690/qt.qt6.690.addons.qtmultimedia.win64_msvc2022_64/6.9.0-0-202503301022qtmultimedia-Windows-Windows_11_23H2-MSVC2022-Windows-Windows_11_23H2-X86_64.7z
2026-07-09 19:23:36,671 - aqt.helper - INFO - helper 24092 Redirected: qt.mirror.constant.com
2026-07-09 19:23:39,343 - aqt.installer - INFO - installer 25228 Finished installation of qtspeech-Windows-Windows_11_23H2-MSVC2022-Windows-Windows_11_23H2-X86_64.7z in 6.71361790
2026-07-09 19:23:39,360 - aqt.helper - DEBUG - helper 25228 Attempt to download checksum at https://download.qt.io/online/qtsdkrepository/windows_x86/desktop/qt6_690/qt6_690/qt.qt6.690.win64_msvc2022_64/6.9.0-0-202503301022qtdeclarative-Windows-Windows_11_23H2-MSVC2022-Windows-Windows_11_23H2-X86_64.7z.sha256
2026-07-09 19:23:39,660 - aqt.installer - INFO - installer 5888 Finished installation of qtsvg-Windows-Windows_11_23H2-MSVC2022-Windows-Windows_11_23H2-X86_64.7z in 7.02503050
2026-07-09 19:23:39,679 - aqt.helper - DEBUG - helper 5888 Attempt to download checksum at https://download.qt.io/online/qtsdkrepository/windows_x86/desktop/qt6_690/qt6_690/qt.qt6.690.win64_msvc2022_64/6.9.0-0-202503301022qttools-Windows-Windows_11_23H2-MSVC2022-Windows-Windows_11_23H2-X86_64.7z.sha256
2026-07-09 19:23:40,580 - aqt.helper - INFO - helper 25228 Downloading qtdeclarative...
2026-07-09 19:23:40,580 - aqt.installer - DEBUG - installer 25228 Download URL: https://download.qt.io/online/qtsdkrepository/windows_x86/desktop/qt6_690/qt6_690/qt.qt6.690.win64_msvc2022_64/6.9.0-0-202503301022qtdeclarative-Windows-Windows_11_23H2-MSVC2022-Windows-Windows_11_23H2-X86_64.7z
2026-07-09 19:23:40,912 - aqt.helper - INFO - helper 5888 Downloading qttools...
2026-07-09 19:23:40,912 - aqt.installer - DEBUG - installer 5888 Download URL: https://download.qt.io/online/qtsdkrepository/windows_x86/desktop/qt6_690/qt6_690/qt.qt6.690.win64_msvc2022_64/6.9.0-0-202503301022qttools-Windows-Windows_11_23H2-MSVC2022-Windows-Windows_11_23H2-X86_64.7z
2026-07-09 19:23:41,849 - aqt.helper - DEBUG - helper 25228 Asked to redirect(302) to: https://qt.mirror.constant.com/online/qtsdkrepository/windows_x86/desktop/qt6_690/qt6_690/qt.qt6.690.win64_msvc2022_64/6.9.0-0-202503301022qtdeclarative-Windows-Windows_11_23H2-MSVC2022-Windows-Windows_11_23H2-X86_64.7z
2026-07-09 19:23:41,849 - aqt.helper - INFO - helper 25228 Redirected: qt.mirror.constant.com
2026-07-09 19:23:42,331 - aqt.helper - DEBUG - helper 5888 Asked to redirect(302) to: https://qt.mirror.constant.com/online/qtsdkrepository/windows_x86/desktop/qt6_690/qt6_690/qt.qt6.690.win64_msvc2022_64/6.9.0-0-202503301022qttools-Windows-Windows_11_23H2-MSVC2022-Windows-Windows_11_23H2-X86_64.7z
2026-07-09 19:23:42,331 - aqt.helper - INFO - helper 5888 Redirected: qt.mirror.constant.com
2026-07-09 19:24:02,078 - aqt.installer - INFO - installer 24092 Finished installation of qtmultimedia-Windows-Windows_11_23H2-MSVC2022-Windows-Windows_11_23H2-X86_64.7z in 29.45327740
2026-07-09 19:24:02,098 - aqt.helper - DEBUG - helper 24092 Attempt to download checksum at https://download.qt.io/online/qtsdkrepository/windows_x86/desktop/qt6_690/qt6_690/qt.qt6.690.win64_msvc2022_64/6.9.0-0-202503301022qttranslations-Windows-Windows_11_23H2-MSVC2022-Windows-Windows_11_23H2-X86_64.7z.sha256
2026-07-09 19:24:03,305 - aqt.helper - INFO - helper 24092 Downloading qttranslations...
2026-07-09 19:24:03,305 - aqt.installer - DEBUG - installer 24092 Download URL: https://download.qt.io/online/qtsdkrepository/windows_x86/desktop/qt6_690/qt6_690/qt.qt6.690.win64_msvc2022_64/6.9.0-0-202503301022qttranslations-Windows-Windows_11_23H2-MSVC2022-Windows-Windows_11_23H2-X86_64.7z
2026-07-09 19:24:05,111 - aqt.helper - DEBUG - helper 24092 Asked to redirect(302) to: https://qt.mirror.constant.com/online/qtsdkrepository/windows_x86/desktop/qt6_690/qt6_690/qt.qt6.690.win64_msvc2022_64/6.9.0-0-202503301022qttranslations-Windows-Windows_11_23H2-MSVC2022-Windows-Windows_11_23H2-X86_64.7z
2026-07-09 19:24:05,111 - aqt.helper - INFO - helper 24092 Redirected: qt.mirror.constant.com
2026-07-09 19:24:07,416 - aqt.installer - INFO - installer 5888 Finished installation of qttools-Windows-Windows_11_23H2-MSVC2022-Windows-Windows_11_23H2-X86_64.7z in 27.74266090
2026-07-09 19:24:07,435 - aqt.helper - DEBUG - helper 5888 Attempt to download checksum at https://download.qt.io/online/qtsdkrepository/windows_x86/desktop/qt6_690/qt6_690/qt.qt6.690.win64_msvc2022_64/6.9.0-0-202503301022d3dcompiler_47-x64.7z.sha256
2026-07-09 19:24:08,327 - aqt.helper - INFO - helper 5888 Downloading d3dcompiler_47...
2026-07-09 19:24:08,327 - aqt.installer - DEBUG - installer 5888 Download URL: https://download.qt.io/online/qtsdkrepository/windows_x86/desktop/qt6_690/qt6_690/qt.qt6.690.win64_msvc2022_64/6.9.0-0-202503301022d3dcompiler_47-x64.7z
2026-07-09 19:24:08,613 - aqt.installer - INFO - installer 24092 Finished installation of qttranslations-Windows-Windows_11_23H2-MSVC2022-Windows-Windows_11_23H2-X86_64.7z in 6.51844550
2026-07-09 19:24:08,632 - aqt.helper - DEBUG - helper 24092 Attempt to download checksum at https://download.qt.io/online/qtsdkrepository/windows_x86/desktop/qt6_690/qt6_690/qt.qt6.690.win64_msvc2022_64/6.9.0-0-202503301022opengl32sw-64-mesa_11_2_2-signed_sha256.7z.sha256
2026-07-09 19:24:09,164 - aqt.helper - DEBUG - helper 5888 Asked to redirect(302) to: https://qt.mirror.constant.com/online/qtsdkrepository/windows_x86/desktop/qt6_690/qt6_690/qt.qt6.690.win64_msvc2022_64/6.9.0-0-202503301022d3dcompiler_47-x64.7z
2026-07-09 19:24:09,164 - aqt.helper - INFO - helper 5888 Redirected: qt.mirror.constant.com
2026-07-09 19:24:09,671 - aqt.helper - INFO - helper 24092 Downloading opengl32sw...
2026-07-09 19:24:09,672 - aqt.installer - DEBUG - installer 24092 Download URL: https://download.qt.io/online/qtsdkrepository/windows_x86/desktop/qt6_690/qt6_690/qt.qt6.690.win64_msvc2022_64/6.9.0-0-202503301022opengl32sw-64-mesa_11_2_2-signed_sha256.7z
2026-07-09 19:24:10,130 - aqt.installer - INFO - installer 5728 Finished installation of qtbase-Windows-Windows_11_23H2-MSVC2022-Windows-Windows_11_23H2-X86_64.7z in 37.50061610
2026-07-09 19:24:11,083 - aqt.helper - DEBUG - helper 24092 Asked to redirect(302) to: https://qt.mirror.constant.com/online/qtsdkrepository/windows_x86/desktop/qt6_690/qt6_690/qt.qt6.690.win64_msvc2022_64/6.9.0-0-202503301022opengl32sw-64-mesa_11_2_2-signed_sha256.7z
2026-07-09 19:24:11,083 - aqt.helper - INFO - helper 24092 Redirected: qt.mirror.constant.com
2026-07-09 19:24:19,516 - aqt.installer - INFO - installer 24092 Finished installation of opengl32sw-64-mesa_11_2_2-signed_sha256.7z in 10.88654300
2026-07-09 19:24:26,140 - aqt.installer - INFO - installer 5888 Finished installation of d3dcompiler_47-x64.7z in 18.70917030
2026-07-09 19:25:07,424 - aqt.installer - INFO - installer 25228 Finished installation of qtdeclarative-Windows-Windows_11_23H2-MSVC2022-Windows-Windows_11_23H2-X86_64.7z in 88.06605630
2026-07-09 19:25:07,660 - aqt.updater - INFO - updater 20560 Patching C:\.dev\frisket\qt\6.9.0\msvc2022_64\bin\qmake.exe
2026-07-09 19:25:07,666 - aqt.updater - INFO - updater 20560 Patching C:\.dev\frisket\qt\6.9.0\msvc2022_64\lib\Qt6Concurrent.prl
2026-07-09 19:25:07,667 - aqt.updater - INFO - updater 20560 Patching C:\.dev\frisket\qt\6.9.0\msvc2022_64\lib\Qt6Concurrentd.prl
2026-07-09 19:25:07,668 - aqt.updater - INFO - updater 20560 Patching C:\.dev\frisket\qt\6.9.0\msvc2022_64\lib\Qt6Core.prl
2026-07-09 19:25:07,670 - aqt.updater - INFO - updater 20560 Patching C:\.dev\frisket\qt\6.9.0\msvc2022_64\lib\Qt6Cored.prl
2026-07-09 19:25:07,671 - aqt.updater - INFO - updater 20560 Patching C:\.dev\frisket\qt\6.9.0\msvc2022_64\lib\Qt6DBus.prl
2026-07-09 19:25:07,672 - aqt.updater - INFO - updater 20560 Patching C:\.dev\frisket\qt\6.9.0\msvc2022_64\lib\Qt6DBusd.prl
2026-07-09 19:25:07,673 - aqt.updater - INFO - updater 20560 Patching C:\.dev\frisket\qt\6.9.0\msvc2022_64\lib\Qt6Designer.prl
2026-07-09 19:25:07,674 - aqt.updater - INFO - updater 20560 Patching C:\.dev\frisket\qt\6.9.0\msvc2022_64\lib\Qt6DesignerComponents.prl
2026-07-09 19:25:07,674 - aqt.updater - INFO - updater 20560 Patching C:\.dev\frisket\qt\6.9.0\msvc2022_64\lib\Qt6DesignerComponentsd.prl
2026-07-09 19:25:07,676 - aqt.updater - INFO - updater 20560 Patching C:\.dev\frisket\qt\6.9.0\msvc2022_64\lib\Qt6Designerd.prl
2026-07-09 19:25:07,677 - aqt.updater - INFO - updater 20560 Patching C:\.dev\frisket\qt\6.9.0\msvc2022_64\lib\Qt6DeviceDiscoverySupport.prl
2026-07-09 19:25:07,677 - aqt.updater - INFO - updater 20560 Patching C:\.dev\frisket\qt\6.9.0\msvc2022_64\lib\Qt6DeviceDiscoverySupportd.prl
2026-07-09 19:25:07,678 - aqt.updater - INFO - updater 20560 Patching C:\.dev\frisket\qt\6.9.0\msvc2022_64\lib\Qt6EntryPoint.prl
2026-07-09 19:25:07,679 - aqt.updater - INFO - updater 20560 Patching C:\.dev\frisket\qt\6.9.0\msvc2022_64\lib\Qt6EntryPointd.prl
2026-07-09 19:25:07,680 - aqt.updater - INFO - updater 20560 Patching C:\.dev\frisket\qt\6.9.0\msvc2022_64\lib\Qt6ExampleIcons.prl
2026-07-09 19:25:07,681 - aqt.updater - INFO - updater 20560 Patching C:\.dev\frisket\qt\6.9.0\msvc2022_64\lib\Qt6ExampleIconsd.prl
2026-07-09 19:25:07,682 - aqt.updater - INFO - updater 20560 Patching C:\.dev\frisket\qt\6.9.0\msvc2022_64\lib\Qt6ExamplesAssetDownloader.prl
2026-07-09 19:25:07,682 - aqt.updater - INFO - updater 20560 Patching C:\.dev\frisket\qt\6.9.0\msvc2022_64\lib\Qt6ExamplesAssetDownloaderd.prl
2026-07-09 19:25:07,684 - aqt.updater - INFO - updater 20560 Patching C:\.dev\frisket\qt\6.9.0\msvc2022_64\lib\Qt6FbSupport.prl
2026-07-09 19:25:07,685 - aqt.updater - INFO - updater 20560 Patching C:\.dev\frisket\qt\6.9.0\msvc2022_64\lib\Qt6FbSupportd.prl
2026-07-09 19:25:07,686 - aqt.updater - INFO - updater 20560 Patching C:\.dev\frisket\qt\6.9.0\msvc2022_64\lib\Qt6FFmpegMediaPluginImpl.prl
2026-07-09 19:25:07,687 - aqt.updater - INFO - updater 20560 Patching C:\.dev\frisket\qt\6.9.0\msvc2022_64\lib\Qt6FFmpegMediaPluginImpld.prl
2026-07-09 19:25:07,687 - aqt.updater - INFO - updater 20560 Patching C:\.dev\frisket\qt\6.9.0\msvc2022_64\lib\Qt6Gui.prl
2026-07-09 19:25:07,688 - aqt.updater - INFO - updater 20560 Patching C:\.dev\frisket\qt\6.9.0\msvc2022_64\lib\Qt6Guid.prl
2026-07-09 19:25:07,689 - aqt.updater - INFO - updater 20560 Patching C:\.dev\frisket\qt\6.9.0\msvc2022_64\lib\Qt6Help.prl
2026-07-09 19:25:07,690 - aqt.updater - INFO - updater 20560 Patching C:\.dev\frisket\qt\6.9.0\msvc2022_64\lib\Qt6Helpd.prl
2026-07-09 19:25:07,691 - aqt.updater - INFO - updater 20560 Patching C:\.dev\frisket\qt\6.9.0\msvc2022_64\lib\Qt6LabsAnimation.prl
2026-07-09 19:25:07,692 - aqt.updater - INFO - updater 20560 Patching C:\.dev\frisket\qt\6.9.0\msvc2022_64\lib\Qt6LabsAnimationd.prl
2026-07-09 19:25:07,693 - aqt.updater - INFO - updater 20560 Patching C:\.dev\frisket\qt\6.9.0\msvc2022_64\lib\Qt6LabsFolderListModel.prl
2026-07-09 19:25:07,693 - aqt.updater - INFO - updater 20560 Patching C:\.dev\frisket\qt\6.9.0\msvc2022_64\lib\Qt6LabsFolderListModeld.prl
2026-07-09 19:25:07,694 - aqt.updater - INFO - updater 20560 Patching C:\.dev\frisket\qt\6.9.0\msvc2022_64\lib\Qt6LabsPlatform.prl
2026-07-09 19:25:07,695 - aqt.updater - INFO - updater 20560 Patching C:\.dev\frisket\qt\6.9.0\msvc2022_64\lib\Qt6LabsPlatformd.prl
2026-07-09 19:25:07,697 - aqt.updater - INFO - updater 20560 Patching C:\.dev\frisket\qt\6.9.0\msvc2022_64\lib\Qt6LabsQmlModels.prl
2026-07-09 19:25:07,698 - aqt.updater - INFO - updater 20560 Patching C:\.dev\frisket\qt\6.9.0\msvc2022_64\lib\Qt6LabsQmlModelsd.prl
2026-07-09 19:25:07,699 - aqt.updater - INFO - updater 20560 Patching C:\.dev\frisket\qt\6.9.0\msvc2022_64\lib\Qt6LabsSettings.prl
2026-07-09 19:25:07,700 - aqt.updater - INFO - updater 20560 Patching C:\.dev\frisket\qt\6.9.0\msvc2022_64\lib\Qt6LabsSettingsd.prl
2026-07-09 19:25:07,701 - aqt.updater - INFO - updater 20560 Patching C:\.dev\frisket\qt\6.9.0\msvc2022_64\lib\Qt6LabsSharedImage.prl
2026-07-09 19:25:07,702 - aqt.updater - INFO - updater 20560 Patching C:\.dev\frisket\qt\6.9.0\msvc2022_64\lib\Qt6LabsSharedImaged.prl
2026-07-09 19:25:07,703 - aqt.updater - INFO - updater 20560 Patching C:\.dev\frisket\qt\6.9.0\msvc2022_64\lib\Qt6LabsWavefrontMesh.prl
2026-07-09 19:25:07,704 - aqt.updater - INFO - updater 20560 Patching C:\.dev\frisket\qt\6.9.0\msvc2022_64\lib\Qt6LabsWavefrontMeshd.prl
2026-07-09 19:25:07,705 - aqt.updater - INFO - updater 20560 Patching C:\.dev\frisket\qt\6.9.0\msvc2022_64\lib\Qt6Multimedia.prl
2026-07-09 19:25:07,707 - aqt.updater - INFO - updater 20560 Patching C:\.dev\frisket\qt\6.9.0\msvc2022_64\lib\Qt6Multimediad.prl
2026-07-09 19:25:07,708 - aqt.updater - INFO - updater 20560 Patching C:\.dev\frisket\qt\6.9.0\msvc2022_64\lib\Qt6MultimediaQuick.prl
2026-07-09 19:25:07,710 - aqt.updater - INFO - updater 20560 Patching C:\.dev\frisket\qt\6.9.0\msvc2022_64\lib\Qt6MultimediaQuickd.prl
2026-07-09 19:25:07,711 - aqt.updater - INFO - updater 20560 Patching C:\.dev\frisket\qt\6.9.0\msvc2022_64\lib\Qt6MultimediaTestLib.prl
2026-07-09 19:25:07,712 - aqt.updater - INFO - updater 20560 Patching C:\.dev\frisket\qt\6.9.0\msvc2022_64\lib\Qt6MultimediaTestLibd.prl
2026-07-09 19:25:07,713 - aqt.updater - INFO - updater 20560 Patching C:\.dev\frisket\qt\6.9.0\msvc2022_64\lib\Qt6MultimediaWidgets.prl
2026-07-09 19:25:07,714 - aqt.updater - INFO - updater 20560 Patching C:\.dev\frisket\qt\6.9.0\msvc2022_64\lib\Qt6MultimediaWidgetsd.prl
2026-07-09 19:25:07,715 - aqt.updater - INFO - updater 20560 Patching C:\.dev\frisket\qt\6.9.0\msvc2022_64\lib\Qt6Network.prl
2026-07-09 19:25:07,716 - aqt.updater - INFO - updater 20560 Patching C:\.dev\frisket\qt\6.9.0\msvc2022_64\lib\Qt6Networkd.prl
2026-07-09 19:25:07,717 - aqt.updater - INFO - updater 20560 Patching C:\.dev\frisket\qt\6.9.0\msvc2022_64\lib\Qt6OpenGL.prl
2026-07-09 19:25:07,718 - aqt.updater - INFO - updater 20560 Patching C:\.dev\frisket\qt\6.9.0\msvc2022_64\lib\Qt6OpenGLd.prl
2026-07-09 19:25:07,719 - aqt.updater - INFO - updater 20560 Patching C:\.dev\frisket\qt\6.9.0\msvc2022_64\lib\Qt6OpenGLWidgets.prl
2026-07-09 19:25:07,720 - aqt.updater - INFO - updater 20560 Patching C:\.dev\frisket\qt\6.9.0\msvc2022_64\lib\Qt6OpenGLWidgetsd.prl
2026-07-09 19:25:07,721 - aqt.updater - INFO - updater 20560 Patching C:\.dev\frisket\qt\6.9.0\msvc2022_64\lib\Qt6PacketProtocol.prl
2026-07-09 19:25:07,722 - aqt.updater - INFO - updater 20560 Patching C:\.dev\frisket\qt\6.9.0\msvc2022_64\lib\Qt6PacketProtocold.prl
2026-07-09 19:25:07,723 - aqt.updater - INFO - updater 20560 Patching C:\.dev\frisket\qt\6.9.0\msvc2022_64\lib\Qt6PrintSupport.prl
2026-07-09 19:25:07,724 - aqt.updater - INFO - updater 20560 Patching C:\.dev\frisket\qt\6.9.0\msvc2022_64\lib\Qt6PrintSupportd.prl
2026-07-09 19:25:07,725 - aqt.updater - INFO - updater 20560 Patching C:\.dev\frisket\qt\6.9.0\msvc2022_64\lib\Qt6Qml.prl
2026-07-09 19:25:07,726 - aqt.updater - INFO - updater 20560 Patching C:\.dev\frisket\qt\6.9.0\msvc2022_64\lib\Qt6QmlAssetDownloader.prl
2026-07-09 19:25:07,727 - aqt.updater - INFO - updater 20560 Patching C:\.dev\frisket\qt\6.9.0\msvc2022_64\lib\Qt6QmlAssetDownloaderd.prl
2026-07-09 19:25:07,728 - aqt.updater - INFO - updater 20560 Patching C:\.dev\frisket\qt\6.9.0\msvc2022_64\lib\Qt6QmlCompiler.prl
2026-07-09 19:25:07,729 - aqt.updater - INFO - updater 20560 Patching C:\.dev\frisket\qt\6.9.0\msvc2022_64\lib\Qt6QmlCompilerd.prl
2026-07-09 19:25:07,730 - aqt.updater - INFO - updater 20560 Patching C:\.dev\frisket\qt\6.9.0\msvc2022_64\lib\Qt6QmlCore.prl
2026-07-09 19:25:07,731 - aqt.updater - INFO - updater 20560 Patching C:\.dev\frisket\qt\6.9.0\msvc2022_64\lib\Qt6QmlCored.prl
2026-07-09 19:25:07,733 - aqt.updater - INFO - updater 20560 Patching C:\.dev\frisket\qt\6.9.0\msvc2022_64\lib\Qt6Qmld.prl
2026-07-09 19:25:07,734 - aqt.updater - INFO - updater 20560 Patching C:\.dev\frisket\qt\6.9.0\msvc2022_64\lib\Qt6QmlDebug.prl
2026-07-09 19:25:07,735 - aqt.updater - INFO - updater 20560 Patching C:\.dev\frisket\qt\6.9.0\msvc2022_64\lib\Qt6QmlDebugd.prl
2026-07-09 19:25:07,736 - aqt.updater - INFO - updater 20560 Patching C:\.dev\frisket\qt\6.9.0\msvc2022_64\lib\Qt6QmlDom.prl
2026-07-09 19:25:07,737 - aqt.updater - INFO - updater 20560 Patching C:\.dev\frisket\qt\6.9.0\msvc2022_64\lib\Qt6QmlDomd.prl
2026-07-09 19:25:07,738 - aqt.updater - INFO - updater 20560 Patching C:\.dev\frisket\qt\6.9.0\msvc2022_64\lib\Qt6QmlFormat.prl
2026-07-09 19:25:07,739 - aqt.updater - INFO - updater 20560 Patching C:\.dev\frisket\qt\6.9.0\msvc2022_64\lib\Qt6QmlFormatd.prl
2026-07-09 19:25:07,740 - aqt.updater - INFO - updater 20560 Patching C:\.dev\frisket\qt\6.9.0\msvc2022_64\lib\Qt6QmlLocalStorage.prl
2026-07-09 19:25:07,741 - aqt.updater - INFO - updater 20560 Patching C:\.dev\frisket\qt\6.9.0\msvc2022_64\lib\Qt6QmlLocalStoraged.prl
2026-07-09 19:25:07,742 - aqt.updater - INFO - updater 20560 Patching C:\.dev\frisket\qt\6.9.0\msvc2022_64\lib\Qt6QmlLS.prl
2026-07-09 19:25:07,743 - aqt.updater - INFO - updater 20560 Patching C:\.dev\frisket\qt\6.9.0\msvc2022_64\lib\Qt6QmlLSd.prl
2026-07-09 19:25:07,745 - aqt.updater - INFO - updater 20560 Patching C:\.dev\frisket\qt\6.9.0\msvc2022_64\lib\Qt6QmlMeta.prl
2026-07-09 19:25:07,746 - aqt.updater - INFO - updater 20560 Patching C:\.dev\frisket\qt\6.9.0\msvc2022_64\lib\Qt6QmlMetad.prl
2026-07-09 19:25:07,747 - aqt.updater - INFO - updater 20560 Patching C:\.dev\frisket\qt\6.9.0\msvc2022_64\lib\Qt6QmlModels.prl
2026-07-09 19:25:07,748 - aqt.updater - INFO - updater 20560 Patching C:\.dev\frisket\qt\6.9.0\msvc2022_64\lib\Qt6QmlModelsd.prl
2026-07-09 19:25:07,750 - aqt.updater - INFO - updater 20560 Patching C:\.dev\frisket\qt\6.9.0\msvc2022_64\lib\Qt6QmlNetwork.prl
2026-07-09 19:25:07,751 - aqt.updater - INFO - updater 20560 Patching C:\.dev\frisket\qt\6.9.0\msvc2022_64\lib\Qt6QmlNetworkd.prl
2026-07-09 19:25:07,751 - aqt.updater - INFO - updater 20560 Patching C:\.dev\frisket\qt\6.9.0\msvc2022_64\lib\Qt6QmlToolingSettings.prl
2026-07-09 19:25:07,752 - aqt.updater - INFO - updater 20560 Patching C:\.dev\frisket\qt\6.9.0\msvc2022_64\lib\Qt6QmlToolingSettingsd.prl
2026-07-09 19:25:07,753 - aqt.updater - INFO - updater 20560 Patching C:\.dev\frisket\qt\6.9.0\msvc2022_64\lib\Qt6QmlTypeRegistrar.prl
2026-07-09 19:25:07,754 - aqt.updater - INFO - updater 20560 Patching C:\.dev\frisket\qt\6.9.0\msvc2022_64\lib\Qt6QmlTypeRegistrard.prl
2026-07-09 19:25:07,754 - aqt.updater - INFO - updater 20560 Patching C:\.dev\frisket\qt\6.9.0\msvc2022_64\lib\Qt6QmlWorkerScript.prl
2026-07-09 19:25:07,755 - aqt.updater - INFO - updater 20560 Patching C:\.dev\frisket\qt\6.9.0\msvc2022_64\lib\Qt6QmlWorkerScriptd.prl
2026-07-09 19:25:07,756 - aqt.updater - INFO - updater 20560 Patching C:\.dev\frisket\qt\6.9.0\msvc2022_64\lib\Qt6QmlXmlListModel.prl
2026-07-09 19:25:07,757 - aqt.updater - INFO - updater 20560 Patching C:\.dev\frisket\qt\6.9.0\msvc2022_64\lib\Qt6QmlXmlListModeld.prl
2026-07-09 19:25:07,758 - aqt.updater - INFO - updater 20560 Patching C:\.dev\frisket\qt\6.9.0\msvc2022_64\lib\Qt6Quick.prl
2026-07-09 19:25:07,759 - aqt.updater - INFO - updater 20560 Patching C:\.dev\frisket\qt\6.9.0\msvc2022_64\lib\Qt6Quick3DSpatialAudio.prl
2026-07-09 19:25:07,760 - aqt.updater - INFO - updater 20560 Patching C:\.dev\frisket\qt\6.9.0\msvc2022_64\lib\Qt6Quick3DSpatialAudiod.prl
2026-07-09 19:25:07,761 - aqt.updater - INFO - updater 20560 Patching C:\.dev\frisket\qt\6.9.0\msvc2022_64\lib\Qt6QuickControls2.prl
2026-07-09 19:25:07,762 - aqt.updater - INFO - updater 20560 Patching C:\.dev\frisket\qt\6.9.0\msvc2022_64\lib\Qt6QuickControls2Basic.prl
2026-07-09 19:25:07,763 - aqt.updater - INFO - updater 20560 Patching C:\.dev\frisket\qt\6.9.0\msvc2022_64\lib\Qt6QuickControls2Basicd.prl
2026-07-09 19:25:07,764 - aqt.updater - INFO - updater 20560 Patching C:\.dev\frisket\qt\6.9.0\msvc2022_64\lib\Qt6QuickControls2BasicStyleImpl.prl
2026-07-09 19:25:07,765 - aqt.updater - INFO - updater 20560 Patching C:\.dev\frisket\qt\6.9.0\msvc2022_64\lib\Qt6QuickControls2BasicStyleImpld.prl
2026-07-09 19:25:07,766 - aqt.updater - INFO - updater 20560 Patching C:\.dev\frisket\qt\6.9.0\msvc2022_64\lib\Qt6QuickControls2d.prl
2026-07-09 19:25:07,767 - aqt.updater - INFO - updater 20560 Patching C:\.dev\frisket\qt\6.9.0\msvc2022_64\lib\Qt6QuickControls2FluentWinUI3StyleImpl.prl
2026-07-09 19:25:07,769 - aqt.updater - INFO - updater 20560 Patching C:\.dev\frisket\qt\6.9.0\msvc2022_64\lib\Qt6QuickControls2FluentWinUI3StyleImpld.prl
2026-07-09 19:25:07,770 - aqt.updater - INFO - updater 20560 Patching C:\.dev\frisket\qt\6.9.0\msvc2022_64\lib\Qt6QuickControls2Fusion.prl
2026-07-09 19:25:07,770 - aqt.updater - INFO - updater 20560 Patching C:\.dev\frisket\qt\6.9.0\msvc2022_64\lib\Qt6QuickControls2Fusiond.prl
2026-07-09 19:25:07,771 - aqt.updater - INFO - updater 20560 Patching C:\.dev\frisket\qt\6.9.0\msvc2022_64\lib\Qt6QuickControls2FusionStyleImpl.prl
2026-07-09 19:25:07,772 - aqt.updater - INFO - updater 20560 Patching C:\.dev\frisket\qt\6.9.0\msvc2022_64\lib\Qt6QuickControls2FusionStyleImpld.prl
2026-07-09 19:25:07,773 - aqt.updater - INFO - updater 20560 Patching C:\.dev\frisket\qt\6.9.0\msvc2022_64\lib\Qt6QuickControls2Imagine.prl
2026-07-09 19:25:07,773 - aqt.updater - INFO - updater 20560 Patching C:\.dev\frisket\qt\6.9.0\msvc2022_64\lib\Qt6QuickControls2Imagined.prl
2026-07-09 19:25:07,774 - aqt.updater - INFO - updater 20560 Patching C:\.dev\frisket\qt\6.9.0\msvc2022_64\lib\Qt6QuickControls2ImagineStyleImpl.prl
2026-07-09 19:25:07,775 - aqt.updater - INFO - updater 20560 Patching C:\.dev\frisket\qt\6.9.0\msvc2022_64\lib\Qt6QuickControls2ImagineStyleImpld.prl
2026-07-09 19:25:07,776 - aqt.updater - INFO - updater 20560 Patching C:\.dev\frisket\qt\6.9.0\msvc2022_64\lib\Qt6QuickControls2Impl.prl
2026-07-09 19:25:07,777 - aqt.updater - INFO - updater 20560 Patching C:\.dev\frisket\qt\6.9.0\msvc2022_64\lib\Qt6QuickControls2Impld.prl
2026-07-09 19:25:07,778 - aqt.updater - INFO - updater 20560 Patching C:\.dev\frisket\qt\6.9.0\msvc2022_64\lib\Qt6QuickControls2Material.prl
2026-07-09 19:25:07,779 - aqt.updater - INFO - updater 20560 Patching C:\.dev\frisket\qt\6.9.0\msvc2022_64\lib\Qt6QuickControls2Materiald.prl
2026-07-09 19:25:07,780 - aqt.updater - INFO - updater 20560 Patching C:\.dev\frisket\qt\6.9.0\msvc2022_64\lib\Qt6QuickControls2MaterialStyleImpl.prl
2026-07-09 19:25:07,781 - aqt.updater - INFO - updater 20560 Patching C:\.dev\frisket\qt\6.9.0\msvc2022_64\lib\Qt6QuickControls2MaterialStyleImpld.prl
2026-07-09 19:25:07,782 - aqt.updater - INFO - updater 20560 Patching C:\.dev\frisket\qt\6.9.0\msvc2022_64\lib\Qt6QuickControls2Universal.prl
2026-07-09 19:25:07,783 - aqt.updater - INFO - updater 20560 Patching C:\.dev\frisket\qt\6.9.0\msvc2022_64\lib\Qt6QuickControls2Universald.prl
2026-07-09 19:25:07,784 - aqt.updater - INFO - updater 20560 Patching C:\.dev\frisket\qt\6.9.0\msvc2022_64\lib\Qt6QuickControls2UniversalStyleImpl.prl
2026-07-09 19:25:07,784 - aqt.updater - INFO - updater 20560 Patching C:\.dev\frisket\qt\6.9.0\msvc2022_64\lib\Qt6QuickControls2UniversalStyleImpld.prl
2026-07-09 19:25:07,785 - aqt.updater - INFO - updater 20560 Patching C:\.dev\frisket\qt\6.9.0\msvc2022_64\lib\Qt6QuickControls2WindowsStyleImpl.prl
2026-07-09 19:25:07,786 - aqt.updater - INFO - updater 20560 Patching C:\.dev\frisket\qt\6.9.0\msvc2022_64\lib\Qt6QuickControls2WindowsStyleImpld.prl
2026-07-09 19:25:07,787 - aqt.updater - INFO - updater 20560 Patching C:\.dev\frisket\qt\6.9.0\msvc2022_64\lib\Qt6QuickControlsTestUtils.prl
2026-07-09 19:25:07,788 - aqt.updater - INFO - updater 20560 Patching C:\.dev\frisket\qt\6.9.0\msvc2022_64\lib\Qt6QuickControlsTestUtilsd.prl
2026-07-09 19:25:07,790 - aqt.updater - INFO - updater 20560 Patching C:\.dev\frisket\qt\6.9.0\msvc2022_64\lib\Qt6Quickd.prl
2026-07-09 19:25:07,791 - aqt.updater - INFO - updater 20560 Patching C:\.dev\frisket\qt\6.9.0\msvc2022_64\lib\Qt6QuickDialogs2.prl
2026-07-09 19:25:07,791 - aqt.updater - INFO - updater 20560 Patching C:\.dev\frisket\qt\6.9.0\msvc2022_64\lib\Qt6QuickDialogs2d.prl
2026-07-09 19:25:07,792 - aqt.updater - INFO - updater 20560 Patching C:\.dev\frisket\qt\6.9.0\msvc2022_64\lib\Qt6QuickDialogs2QuickImpl.prl
2026-07-09 19:25:07,793 - aqt.updater - INFO - updater 20560 Patching C:\.dev\frisket\qt\6.9.0\msvc2022_64\lib\Qt6QuickDialogs2QuickImpld.prl
2026-07-09 19:25:07,794 - aqt.updater - INFO - updater 20560 Patching C:\.dev\frisket\qt\6.9.0\msvc2022_64\lib\Qt6QuickDialogs2Utils.prl
2026-07-09 19:25:07,796 - aqt.updater - INFO - updater 20560 Patching C:\.dev\frisket\qt\6.9.0\msvc2022_64\lib\Qt6QuickDialogs2Utilsd.prl
2026-07-09 19:25:07,797 - aqt.updater - INFO - updater 20560 Patching C:\.dev\frisket\qt\6.9.0\msvc2022_64\lib\Qt6QuickEffects.prl
2026-07-09 19:25:07,798 - aqt.updater - INFO - updater 20560 Patching C:\.dev\frisket\qt\6.9.0\msvc2022_64\lib\Qt6QuickEffectsd.prl
2026-07-09 19:25:07,799 - aqt.updater - INFO - updater 20560 Patching C:\.dev\frisket\qt\6.9.0\msvc2022_64\lib\Qt6QuickLayouts.prl
2026-07-09 19:25:07,800 - aqt.updater - INFO - updater 20560 Patching C:\.dev\frisket\qt\6.9.0\msvc2022_64\lib\Qt6QuickLayoutsd.prl
2026-07-09 19:25:07,801 - aqt.updater - INFO - updater 20560 Patching C:\.dev\frisket\qt\6.9.0\msvc2022_64\lib\Qt6QuickParticles.prl
2026-07-09 19:25:07,802 - aqt.updater - INFO - updater 20560 Patching C:\.dev\frisket\qt\6.9.0\msvc2022_64\lib\Qt6QuickParticlesd.prl
2026-07-09 19:25:07,803 - aqt.updater - INFO - updater 20560 Patching C:\.dev\frisket\qt\6.9.0\msvc2022_64\lib\Qt6QuickShapes.prl
2026-07-09 19:25:07,804 - aqt.updater - INFO - updater 20560 Patching C:\.dev\frisket\qt\6.9.0\msvc2022_64\lib\Qt6QuickShapesd.prl
2026-07-09 19:25:07,804 - aqt.updater - INFO - updater 20560 Patching C:\.dev\frisket\qt\6.9.0\msvc2022_64\lib\Qt6QuickTemplates2.prl
2026-07-09 19:25:07,805 - aqt.updater - INFO - updater 20560 Patching C:\.dev\frisket\qt\6.9.0\msvc2022_64\lib\Qt6QuickTemplates2d.prl
2026-07-09 19:25:07,806 - aqt.updater - INFO - updater 20560 Patching C:\.dev\frisket\qt\6.9.0\msvc2022_64\lib\Qt6QuickTest.prl
2026-07-09 19:25:07,806 - aqt.updater - INFO - updater 20560 Patching C:\.dev\frisket\qt\6.9.0\msvc2022_64\lib\Qt6QuickTestd.prl
2026-07-09 19:25:07,807 - aqt.updater - INFO - updater 20560 Patching C:\.dev\frisket\qt\6.9.0\msvc2022_64\lib\Qt6QuickTestUtils.prl
2026-07-09 19:25:07,808 - aqt.updater - INFO - updater 20560 Patching C:\.dev\frisket\qt\6.9.0\msvc2022_64\lib\Qt6QuickTestUtilsd.prl
2026-07-09 19:25:07,809 - aqt.updater - INFO - updater 20560 Patching C:\.dev\frisket\qt\6.9.0\msvc2022_64\lib\Qt6QuickVectorImage.prl
2026-07-09 19:25:07,810 - aqt.updater - INFO - updater 20560 Patching C:\.dev\frisket\qt\6.9.0\msvc2022_64\lib\Qt6QuickVectorImaged.prl
2026-07-09 19:25:07,811 - aqt.updater - INFO - updater 20560 Patching C:\.dev\frisket\qt\6.9.0\msvc2022_64\lib\Qt6QuickVectorImageGenerator.prl
2026-07-09 19:25:07,812 - aqt.updater - INFO - updater 20560 Patching C:\.dev\frisket\qt\6.9.0\msvc2022_64\lib\Qt6QuickVectorImageGeneratord.prl
2026-07-09 19:25:07,813 - aqt.updater - INFO - updater 20560 Patching C:\.dev\frisket\qt\6.9.0\msvc2022_64\lib\Qt6QuickWidgets.prl
2026-07-09 19:25:07,814 - aqt.updater - INFO - updater 20560 Patching C:\.dev\frisket\qt\6.9.0\msvc2022_64\lib\Qt6QuickWidgetsd.prl
2026-07-09 19:25:07,814 - aqt.updater - INFO - updater 20560 Patching C:\.dev\frisket\qt\6.9.0\msvc2022_64\lib\Qt6SpatialAudio.prl
2026-07-09 19:25:07,815 - aqt.updater - INFO - updater 20560 Patching C:\.dev\frisket\qt\6.9.0\msvc2022_64\lib\Qt6SpatialAudiod.prl
2026-07-09 19:25:07,817 - aqt.updater - INFO - updater 20560 Patching C:\.dev\frisket\qt\6.9.0\msvc2022_64\lib\Qt6Sql.prl
2026-07-09 19:25:07,818 - aqt.updater - INFO - updater 20560 Patching C:\.dev\frisket\qt\6.9.0\msvc2022_64\lib\Qt6Sqld.prl
2026-07-09 19:25:07,819 - aqt.updater - INFO - updater 20560 Patching C:\.dev\frisket\qt\6.9.0\msvc2022_64\lib\Qt6Svg.prl
2026-07-09 19:25:07,820 - aqt.updater - INFO - updater 20560 Patching C:\.dev\frisket\qt\6.9.0\msvc2022_64\lib\Qt6Svgd.prl
2026-07-09 19:25:07,821 - aqt.updater - INFO - updater 20560 Patching C:\.dev\frisket\qt\6.9.0\msvc2022_64\lib\Qt6SvgWidgets.prl
2026-07-09 19:25:07,822 - aqt.updater - INFO - updater 20560 Patching C:\.dev\frisket\qt\6.9.0\msvc2022_64\lib\Qt6SvgWidgetsd.prl
2026-07-09 19:25:07,823 - aqt.updater - INFO - updater 20560 Patching C:\.dev\frisket\qt\6.9.0\msvc2022_64\lib\Qt6Test.prl
2026-07-09 19:25:07,825 - aqt.updater - INFO - updater 20560 Patching C:\.dev\frisket\qt\6.9.0\msvc2022_64\lib\Qt6Testd.prl
2026-07-09 19:25:07,826 - aqt.updater - INFO - updater 20560 Patching C:\.dev\frisket\qt\6.9.0\msvc2022_64\lib\Qt6TextToSpeech.prl
2026-07-09 19:25:07,827 - aqt.updater - INFO - updater 20560 Patching C:\.dev\frisket\qt\6.9.0\msvc2022_64\lib\Qt6TextToSpeechd.prl
2026-07-09 19:25:07,827 - aqt.updater - INFO - updater 20560 Patching C:\.dev\frisket\qt\6.9.0\msvc2022_64\lib\Qt6UiTools.prl
2026-07-09 19:25:07,828 - aqt.updater - INFO - updater 20560 Patching C:\.dev\frisket\qt\6.9.0\msvc2022_64\lib\Qt6UiToolsd.prl
2026-07-09 19:25:07,829 - aqt.updater - INFO - updater 20560 Patching C:\.dev\frisket\qt\6.9.0\msvc2022_64\lib\Qt6Widgets.prl
2026-07-09 19:25:07,830 - aqt.updater - INFO - updater 20560 Patching C:\.dev\frisket\qt\6.9.0\msvc2022_64\lib\Qt6Widgetsd.prl
2026-07-09 19:25:07,831 - aqt.updater - INFO - updater 20560 Patching C:\.dev\frisket\qt\6.9.0\msvc2022_64\lib\Qt6Xml.prl
2026-07-09 19:25:07,832 - aqt.updater - INFO - updater 20560 Patching C:\.dev\frisket\qt\6.9.0\msvc2022_64\lib\Qt6Xmld.prl
2026-07-09 19:25:07,833 - aqt.main - INFO - installer 20560 Finished installation
2026-07-09 19:25:07,833 - aqt.main - INFO - installer 20560 Time elapsed: 105.96704340 second
